[2022-07-04 14:55:33] [ INFO ] [CreditServiceImpl:22] List all Credits
[2022-07-04 15:52:42] [ INFO ] [CreditServiceImpl:28] Save
[2022-07-04 15:54:35] [ INFO ] [CreditServiceImpl:28] Save
[2022-07-04 15:54:54] [ INFO ] [CreditServiceImpl:28] Save
[2022-07-05 01:20:05] [ INFO ] [CreditServiceImpl:22] List all Credits
[2022-07-05 01:25:54] [ INFO ] [CreditServiceImpl:34] Inquiry
[2022-07-05 01:29:43] [ INFO ] [CreditServiceImpl:46] Update Balance
[2022-07-05 01:33:51] [ INFO ] [CreditServiceImpl:28] Save
[2022-07-05 01:34:07] [ INFO ] [CreditServiceImpl:22] List all Credits
[2022-07-05 01:36:15] [ INFO ] [CreditServiceImpl:62] Delete Credit
[2022-07-05 01:36:24] [ INFO ] [CreditServiceImpl:62] Delete Credit
[2022-07-05 01:46:24] [ INFO ] [CreditServiceImpl:22] List all Credits
[2022-07-05 09:16:48] [ INFO ] [CreditServiceImpl:62] Delete Credit
[2022-07-05 09:24:53] [ INFO ] [CreditServiceImpl:22] List all Credits
[2022-07-05 09:25:35] [ INFO ] [CreditServiceImpl:22] List all Credits
[2022-07-05 09:25:41] [ INFO ] [CreditServiceImpl:62] Delete Credit
[2022-07-05 09:25:45] [ INFO ] [CreditServiceImpl:22] List all Credits
[2022-07-08 19:44:21] [ INFO ] [CreditServiceImpl:22] List all Credits
[2022-07-08 19:44:56] [ INFO ] [CreditServiceImpl:46] Get Credits
[2022-07-08 19:45:02] [ INFO ] [CreditServiceImpl:46] Get Credits
[2022-07-08 19:45:17] [ INFO ] [CreditServiceImpl:46] Get Credits
[2022-07-10 20:48:14] [ INFO ] [CreditServiceImpl:56] Get Report
[2022-07-18 09:48:32] [ INFO ] [CreditServiceImpl:22] List all Credits
[2022-07-18 09:54:33] [ INFO ] [CreditServiceImpl:22] List all Credits
[2022-07-18 09:55:56] [ INFO ] [CreditServiceImpl:22] List all Credits
[2022-07-18 10:02:28] [ INFO ] [CreditServiceImpl:22] List all Credits
[2022-07-18 10:12:50] [ INFO ] [CreditServiceImpl:28] Save
[2022-07-18 10:14:58] [ INFO ] [CreditServiceImpl:28] Save
[2022-07-18 10:15:22] [ INFO ] [CreditServiceImpl:28] Save
[2022-07-18 10:23:44] [ INFO ] [CreditServiceImpl:56] Get Report
[2022-07-18 13:04:50] [ INFO ] [CreditServiceImpl:77] Generate Debt
[2022-07-18 13:05:20] [ INFO ] [CreditServiceImpl:77] Generate Debt
[2022-07-18 13:05:28] [ INFO ] [CreditServiceImpl:77] Generate Debt
[2022-07-18 16:11:22] [ INFO ] [CreditServiceImpl:155] Generate Debt
[2022-07-18 16:11:38] [ INFO ] [CreditServiceImpl:68] Generate Report
[2022-07-19 11:20:02] [ INFO ] [CreditServiceImpl:35] List all Credits
[2022-07-19 11:22:20] [ INFO ] [CreditServiceImpl:184] Update Balance
[2022-07-19 11:22:20] [ INFO ] [CreditServiceImpl:52] Save
