[2022-07-02 00:27:27] [ INFO ] [SavingServiceImpl:91] Delete Saving
[2022-07-02 00:27:32] [ INFO ] [SavingServiceImpl:27] List all Savings Account
[2022-07-04 12:55:12] [ INFO ] [SavingServiceImpl:71] Open Saving
[2022-07-04 14:29:03] [ INFO ] [SavingServiceImpl:71] Open Saving
[2022-07-04 14:29:41] [ INFO ] [SavingServiceImpl:71] Open Saving
[2022-07-04 14:35:41] [ INFO ] [SavingServiceImpl:71] Open Saving
[2022-07-04 14:41:54] [ INFO ] [SavingServiceImpl:71] Open Saving
[2022-07-04 14:43:27] [ INFO ] [SavingServiceImpl:71] Open Saving
[2022-07-04 15:48:46] [ INFO ] [SavingServiceImpl:71] Open Saving
[2022-07-04 15:53:47] [ INFO ] [SavingServiceImpl:71] Open Saving
[2022-07-04 15:58:09] [ INFO ] [SavingServiceImpl:71] Open Saving
[2022-07-04 16:06:59] [ INFO ] [SavingServiceImpl:71] Open Saving
[2022-07-04 16:08:59] [ INFO ] [SavingServiceImpl:71] Open Saving
[2022-07-04 16:09:27] [ INFO ] [SavingServiceImpl:71] Open Saving
[2022-07-04 19:02:55] [ INFO ] [SavingServiceImpl:71] Open Saving
[2022-07-05 13:11:19] [ INFO ] [SavingServiceImpl:84] Open Saving
[2022-07-08 12:39:06] [ INFO ] [SavingServiceImpl:33] List all Savings Account
[2022-07-08 16:39:06] [ INFO ] [SavingServiceImpl:36] Generate Report
[2022-07-08 16:40:44] [ INFO ] [SavingServiceImpl:36] Generate Report
[2022-07-08 16:40:46] [ INFO ] [SavingServiceImpl:36] Generate Report
[2022-07-08 16:41:47] [ INFO ] [SavingServiceImpl:36] Generate Report
[2022-07-08 16:42:02] [ INFO ] [SavingServiceImpl:36] Generate Report
[2022-07-08 16:46:49] [ INFO ] [SavingServiceImpl:36] Generate Report
[2022-07-08 16:47:03] [ INFO ] [SavingServiceImpl:36] Generate Report
[2022-07-08 16:47:04] [ INFO ] [SavingServiceImpl:36] Generate Report
[2022-07-08 16:47:23] [ INFO ] [SavingServiceImpl:36] Generate Report
[2022-07-08 16:47:40] [ INFO ] [SavingServiceImpl:36] Generate Report
[2022-07-08 16:52:23] [ INFO ] [SavingServiceImpl:36] Generate Report
[2022-07-08 16:52:39] [ INFO ] [SavingServiceImpl:36] Generate Report
[2022-07-08 16:52:43] [ INFO ] [SavingServiceImpl:36] Generate Report
[2022-07-08 16:59:51] [ INFO ] [SavingServiceImpl:36] Generate Report
[2022-07-08 17:05:03] [ INFO ] [SavingServiceImpl:36] Generate Report
[2022-07-08 17:05:14] [ INFO ] [SavingServiceImpl:36] Generate Report
[2022-07-11 12:48:37] [ INFO ] [SavingServiceImpl:42] Generate Report
[2022-07-11 12:56:01] [ INFO ] [SavingServiceImpl:42] Generate Report
[2022-07-11 12:57:36] [ INFO ] [SavingServiceImpl:42] Generate Report
[2022-07-11 12:57:40] [ INFO ] [SavingServiceImpl:42] Generate Report
[2022-07-11 17:12:46] [ INFO ] [SavingServiceImpl:42] Generate Report
[2022-07-11 17:15:54] [ INFO ] [SavingServiceImpl:42] Generate Report
[2022-07-11 17:15:55] [ INFO ] [SavingServiceImpl:42] Generate Report
[2022-07-11 17:16:00] [ INFO ] [SavingServiceImpl:42] Generate Report
[2022-07-11 17:16:20] [ INFO ] [SavingServiceImpl:42] Generate Report
[2022-07-11 17:16:42] [ INFO ] [SavingServiceImpl:42] Generate Report
[2022-07-11 17:16:44] [ INFO ] [SavingServiceImpl:42] Generate Report
[2022-07-11 17:16:45] [ INFO ] [SavingServiceImpl:42] Generate Report
[2022-07-11 17:16:46] [ INFO ] [SavingServiceImpl:42] Generate Report
[2022-07-11 17:16:46] [ INFO ] [SavingServiceImpl:42] Generate Report
[2022-07-11 17:16:57] [ INFO ] [SavingServiceImpl:42] Generate Report
[2022-07-11 17:16:58] [ INFO ] [SavingServiceImpl:42] Generate Report
[2022-07-11 17:16:58] [ INFO ] [SavingServiceImpl:42] Generate Report
[2022-07-11 17:16:59] [ INFO ] [SavingServiceImpl:42] Generate Report
[2022-07-11 17:17:00] [ INFO ] [SavingServiceImpl:42] Generate Report
[2022-07-11 17:17:01] [ INFO ] [SavingServiceImpl:42] Generate Report
[2022-07-11 17:17:01] [ INFO ] [SavingServiceImpl:42] Generate Report
[2022-07-11 17:17:25] [ INFO ] [SavingServiceImpl:42] Generate Report
[2022-07-11 17:43:40] [ INFO ] [SavingServiceImpl:71] Inquiry
[2022-07-11 17:44:12] [ INFO ] [SavingServiceImpl:71] Inquiry
[2022-07-11 17:55:19] [ INFO ] [SavingServiceImpl:71] Inquiry
[2022-07-11 17:56:51] [ INFO ] [SavingServiceImpl:71] Inquiry
[2022-07-11 17:57:46] [ INFO ] [SavingServiceImpl:71] Inquiry
[2022-07-11 17:57:50] [ INFO ] [SavingServiceImpl:71] Inquiry
[2022-07-11 17:57:54] [ INFO ] [SavingServiceImpl:71] Inquiry
[2022-07-11 17:58:19] [ INFO ] [SavingServiceImpl:71] Inquiry
[2022-07-11 17:58:22] [ INFO ] [SavingServiceImpl:71] Inquiry
[2022-07-11 17:58:25] [ INFO ] [SavingServiceImpl:71] Inquiry
[2022-07-11 17:58:39] [ INFO ] [SavingServiceImpl:71] Inquiry
[2022-07-11 18:03:44] [ INFO ] [SavingServiceImpl:71] Inquiry
[2022-07-11 18:03:45] [ INFO ] [SavingServiceImpl:71] Inquiry
[2022-07-11 18:03:54] [ INFO ] [SavingServiceImpl:71] Inquiry
[2022-07-11 18:04:13] [ INFO ] [SavingServiceImpl:71] Inquiry
[2022-07-11 18:04:14] [ INFO ] [SavingServiceImpl:71] Inquiry
[2022-07-11 18:04:15] [ INFO ] [SavingServiceImpl:71] Inquiry
[2022-07-11 18:04:57] [ INFO ] [SavingServiceImpl:71] Inquiry
[2022-07-11 18:06:41] [ INFO ] [SavingServiceImpl:97] AmountUpdate
[2022-07-11 18:11:55] [ INFO ] [SavingServiceImpl:71] Inquiry
[2022-07-11 18:12:29] [ INFO ] [SavingServiceImpl:71] Inquiry
[2022-07-11 20:13:11] [ INFO ] [SavingServiceImpl:71] Inquiry
[2022-07-11 20:13:15] [ INFO ] [SavingServiceImpl:71] Inquiry
[2022-07-11 20:13:17] [ INFO ] [SavingServiceImpl:71] Inquiry
[2022-07-11 20:13:28] [ INFO ] [SavingServiceImpl:71] Inquiry
[2022-07-11 20:13:33] [ INFO ] [SavingServiceImpl:71] Inquiry
[2022-07-11 20:14:24] [ INFO ] [SavingServiceImpl:71] Inquiry
[2022-07-11 20:17:57] [ INFO ] [SavingServiceImpl:97] AmountUpdate
[2022-07-11 20:18:03] [ INFO ] [SavingServiceImpl:97] AmountUpdate
[2022-07-11 20:19:40] [ INFO ] [SavingServiceImpl:97] AmountUpdate
[2022-07-11 21:02:09] [ INFO ] [SavingServiceImpl:97] AmountUpdate
[2022-07-11 21:02:14] [ INFO ] [SavingServiceImpl:97] AmountUpdate
[2022-07-11 21:02:18] [ INFO ] [SavingServiceImpl:97] AmountUpdate
[2022-07-11 21:02:23] [ INFO ] [SavingServiceImpl:97] AmountUpdate
[2022-07-11 21:02:31] [ INFO ] [SavingServiceImpl:97] AmountUpdate
[2022-07-11 21:12:04] [ INFO ] [SavingServiceImpl:97] AmountUpdate
[2022-07-11 21:12:05] [ INFO ] [SavingServiceImpl:97] AmountUpdate
[2022-07-11 21:12:07] [ INFO ] [SavingServiceImpl:97] AmountUpdate
[2022-07-11 21:12:43] [ INFO ] [SavingServiceImpl:97] AmountUpdate
[2022-07-11 21:15:20] [ INFO ] [SavingServiceImpl:42] Generate Report
[2022-07-11 21:15:23] [ INFO ] [SavingServiceImpl:42] Generate Report
[2022-07-11 21:15:27] [ INFO ] [SavingServiceImpl:42] Generate Report
[2022-07-11 21:50:08] [ INFO ] [SavingServiceImpl:42] Generate Report
[2022-07-11 21:50:25] [ INFO ] [SavingServiceImpl:42] Generate Report
[2022-07-11 21:51:07] [ INFO ] [SavingServiceImpl:42] Generate Report
[2022-07-11 21:53:51] [ INFO ] [SavingServiceImpl:42] Generate Report
[2022-07-11 22:01:28] [ INFO ] [SavingServiceImpl:44] Generate Report
[2022-07-11 22:07:45] [ INFO ] [SavingServiceImpl:44] Generate Report
[2022-07-11 22:08:09] [ INFO ] [SavingServiceImpl:44] Generate Report
[2022-07-11 22:08:38] [ INFO ] [SavingServiceImpl:44] Generate Report
[2022-07-11 22:10:47] [ INFO ] [SavingServiceImpl:44] Generate Report
[2022-07-11 22:27:43] [ INFO ] [SavingServiceImpl:45] Generate Report
[2022-07-11 22:29:37] [ INFO ] [SavingServiceImpl:45] Generate Report
[2022-07-11 22:29:38] [ INFO ] [SavingServiceImpl:45] Generate Report
[2022-07-11 22:30:02] [ INFO ] [SavingServiceImpl:45] Generate Report
[2022-07-11 22:30:07] [ INFO ] [SavingServiceImpl:45] Generate Report
[2022-07-11 22:30:10] [ INFO ] [SavingServiceImpl:45] Generate Report
[2022-07-11 22:30:16] [ INFO ] [SavingServiceImpl:45] Generate Report
[2022-07-11 22:30:17] [ INFO ] [SavingServiceImpl:45] Generate Report
[2022-07-11 22:30:20] [ INFO ] [SavingServiceImpl:45] Generate Report
[2022-07-11 22:30:20] [ INFO ] [SavingServiceImpl:45] Generate Report
[2022-07-11 22:30:21] [ INFO ] [SavingServiceImpl:45] Generate Report
[2022-07-11 22:31:00] [ INFO ] [SavingServiceImpl:45] Generate Report
[2022-07-11 22:31:02] [ INFO ] [SavingServiceImpl:45] Generate Report
[2022-07-11 22:38:18] [ INFO ] [SavingServiceImpl:55] Generate Report
[2022-07-11 22:39:55] [ INFO ] [SavingServiceImpl:55] Generate Report
[2022-07-11 22:41:20] [ INFO ] [SavingServiceImpl:55] Generate Report
[2022-07-11 22:41:54] [ INFO ] [SavingServiceImpl:55] Generate Report
[2022-07-11 22:45:08] [ INFO ] [SavingServiceImpl:55] Generate Report
[2022-07-11 22:45:14] [ INFO ] [SavingServiceImpl:55] Generate Report
[2022-07-11 22:45:29] [ INFO ] [SavingServiceImpl:55] Generate Report
[2022-07-11 22:46:04] [ INFO ] [SavingServiceImpl:55] Generate Report
[2022-07-11 22:46:26] [ INFO ] [SavingServiceImpl:55] Generate Report
[2022-07-11 22:48:57] [ INFO ] [SavingServiceImpl:55] Generate Report
[2022-07-11 22:52:05] [ INFO ] [SavingServiceImpl:55] Generate Report
[2022-07-11 22:52:33] [ INFO ] [SavingServiceImpl:55] Generate Report
[2022-07-11 22:53:15] [ INFO ] [SavingServiceImpl:55] Generate Report
[2022-07-11 23:12:07] [ INFO ] [SavingServiceImpl:52] Generate Report
[2022-07-11 23:14:36] [ INFO ] [SavingServiceImpl:52] Generate Report
[2022-07-11 23:15:40] [ INFO ] [SavingServiceImpl:52] Generate Report
[2022-07-11 23:15:42] [ INFO ] [SavingServiceImpl:52] Generate Report
[2022-07-11 23:15:43] [ INFO ] [SavingServiceImpl:52] Generate Report
[2022-07-11 23:19:47] [ INFO ] [SavingServiceImpl:52] Generate Report
[2022-07-11 23:20:25] [ INFO ] [SavingServiceImpl:52] Generate Report
[2022-07-11 23:24:14] [ INFO ] [SavingServiceImpl:52] Generate Report
[2022-07-11 23:29:28] [ INFO ] [SavingServiceImpl:52] Generate Report
[2022-07-11 23:29:47] [ INFO ] [SavingServiceImpl:52] Generate Report
[2022-07-12 14:40:08] [ INFO ] [SavingServiceImpl:158] AmountUpdate
[2022-07-12 14:40:22] [ INFO ] [SavingServiceImpl:158] AmountUpdate
[2022-07-12 14:41:11] [ INFO ] [SavingServiceImpl:158] AmountUpdate
[2022-07-12 14:42:02] [ INFO ] [SavingServiceImpl:158] AmountUpdate
[2022-07-12 14:42:05] [ INFO ] [SavingServiceImpl:158] AmountUpdate
[2022-07-12 14:42:06] [ INFO ] [SavingServiceImpl:158] AmountUpdate
[2022-07-12 14:42:25] [ INFO ] [SavingServiceImpl:158] AmountUpdate
[2022-07-12 14:43:17] [ INFO ] [SavingServiceImpl:158] AmountUpdate
[2022-07-18 09:18:52] [ INFO ] [SavingServiceImpl:125] List all Savings Account
[2022-07-18 12:41:15] [ INFO ] [SavingServiceImpl:161] Inquiry
[2022-07-18 13:17:22] [ INFO ] [SavingServiceImpl:81] Generate Report by Product
